[debug] [2022-02-02T14:32:02.459Z] ----------------------------------------------------------------------
[debug] [2022-02-02T14:32:02.462Z] Command:       C:\Program Files\nodejs\node.exe C:\Users\Acer\AppData\Roaming\npm\node_modules\firebase-tools\lib\bin\firebase.js init hosting:github
[debug] [2022-02-02T14:32:02.463Z] CLI Version:   10.1.4
[debug] [2022-02-02T14:32:02.463Z] Platform:      win32
[debug] [2022-02-02T14:32:02.463Z] Node Version:  v14.18.1
[debug] [2022-02-02T14:32:02.465Z] Time:          Wed Feb 02 2022 20:02:02 GMT+0530 (India Standard Time)
[debug] [2022-02-02T14:32:02.465Z] ----------------------------------------------------------------------
[debug] 
[debug] [2022-02-02T14:32:02.552Z] > command requires scopes: ["email","openid","https://www.googleapis.com/auth/cloudplatformprojects.readonly","https://www.googleapis.com/auth/firebase","https://www.googleapis.com/auth/cloud-platform"]
[debug] [2022-02-02T14:32:02.553Z] > authorizing via signed-in user (sha4rce@gmail.com)
[info] 
     ######## #### ########  ######## ########     ###     ######  ########
     ##        ##  ##     ## ##       ##     ##  ##   ##  ##       ##
     ######    ##  ########  ######   ########  #########  ######  ######
     ##        ##  ##    ##  ##       ##     ## ##     ##       ## ##
     ##       #### ##     ## ######## ########  ##     ##  ######  ########

You're about to initialize a Firebase project in this directory:

  D:\ijse\RMAD\ReactJs\Assignment\note-app

Before we get started, keep in mind:

  * You are initializing within an existing Firebase project directory

[info] 
=== Project Setup
[info] 
[info] First, let's associate this project directory with a Firebase project.
[info] You can create multiple project aliases by running firebase use --add, 
[info] but for now we'll just set up a default project.
[info] 
[debug] [2022-02-02T14:32:07.273Z] Using project from CLI flag: note-app-57eed
[debug] [2022-02-02T14:32:07.282Z] >>> [apiv2][query] GET https://firebase.googleapis.com/v1beta1/projects/note-app-57eed [none]
[debug] [2022-02-02T14:32:08.100Z] <<< [apiv2][status] GET https://firebase.googleapis.com/v1beta1/projects/note-app-57eed 200
[debug] [2022-02-02T14:32:08.100Z] <<< [apiv2][body] GET https://firebase.googleapis.com/v1beta1/projects/note-app-57eed {"projectId":"note-app-57eed","projectNumber":"678023697832","displayName":"Note-App","name":"projects/note-app-57eed","resources":{"hostingSite":"note-app-57eed","storageBucket":"note-app-57eed.appspot.com","locationId":"asia-east2"},"state":"ACTIVE"}
[info] i  Using project note-app-57eed (Note-App) 
[info] 
=== Hosting:github Setup
[info] 
[info] i  Didn't detect a .git folder. Assuming D:\ijse\RMAD\ReactJs\Assignment\note-app is the project root. 
[info] i  Authorizing with GitHub to upload your service account to a GitHub repository's secrets store. 
[info] 
[info] Visit this URL on this device to log in:
[info] https://github.com/login/oauth/authorize?client_id=89cf50f02ac6aaed3484&state=247027584&redirect_uri=http%3A%2F%2Flocalhost%3A9005&scope=read%3Auser%20repo%20public_repo
[info] 
[info] Waiting for authentication...
[debug] [2022-02-02T14:32:09.378Z] >>> HTTP REQUEST POST https://github.com/login/oauth/access_token  
 {"client_id":"89cf50f02ac6aaed3484","client_secret":"3330d14abc895d9a74d5f17cd7a00711fa2c5bf0","code":"f852d72ef6dbdc823b76","redirect_uri":"http://localhost:9005","state":"247027584"}
[debug] [2022-02-02T14:32:09.938Z] <<< HTTP RESPONSE 200 {"server":"GitHub.com","date":"Wed, 02 Feb 2022 14:32:09 GMT","content-type":"application/json; charset=utf-8","transfer-encoding":"chunked","vary":"X-PJAX, X-PJAX-Container, Accept-Encoding, Accept, X-Requested-With","permissions-policy":"interest-cohort=()","etag":"W/\"f34e3c0d8f235439db0c41b5cc201288\"","cache-control":"max-age=0, private, must-revalidate","strict-transport-security":"max-age=31536000; includeSubdomains; preload","x-frame-options":"deny","x-content-type-options":"nosniff","x-xss-protection":"0","referrer-policy":"origin-when-cross-origin, strict-origin-when-cross-origin","expect-ct":"max-age=2592000, report-uri=\"https://api.github.com/_private/browser/errors\"","content-security-policy":"default-src 'none'; base-uri 'self'; block-all-mixed-content; child-src github.com/assets-cdn/worker/ gist.github.com/assets-cdn/worker/; connect-src 'self' uploads.github.com objects-origin.githubusercontent.com www.githubstatus.com collector.githubapp.com collector.github.com api.github.com github-cloud.s3.amazonaws.com github-production-repository-file-5c1aeb.s3.amazonaws.com github-production-upload-manifest-file-7fdce7.s3.amazonaws.com github-production-user-asset-6210df.s3.amazonaws.com cdn.optimizely.com logx.optimizely.com/v1/events translator.github.com wss://alive.github.com; font-src github.githubassets.com; form-action 'self' github.com gist.github.com objects-origin.githubusercontent.com; frame-ancestors 'none'; frame-src render.githubusercontent.com viewscreen.githubusercontent.com notebooks.githubusercontent.com; img-src 'self' data: github.githubassets.com identicons.github.com collector.githubapp.com collector.github.com github-cloud.s3.amazonaws.com secured-user-images.githubusercontent.com/ *.githubusercontent.com; manifest-src 'self'; media-src github.com user-images.githubusercontent.com/; script-src github.githubassets.com; style-src 'unsafe-inline' github.githubassets.com; worker-src github.com/assets-cdn/worker/ gist.github.com/assets-cdn/worker/","x-github-request-id":"C898:0990:502CA2:676869:61FA95E9"}
[debug] [2022-02-02T14:32:09.948Z] >>> [apiv2][query] GET https://api.github.com/user [none]
[debug] [2022-02-02T14:32:10.595Z] <<< [apiv2][status] GET https://api.github.com/user 200
[debug] [2022-02-02T14:32:10.596Z] <<< [apiv2][body] GET https://api.github.com/user {"login":"MohammedShamras","id":93470890,"node_id":"U_kgDOBZJAqg","avatar_url":"https://avatars.githubusercontent.com/u/93470890?v=4","gravatar_id":"","url":"https://api.github.com/users/MohammedShamras","html_url":"https://github.com/MohammedShamras","followers_url":"https://api.github.com/users/MohammedShamras/followers","following_url":"https://api.github.com/users/MohammedShamras/following{/other_user}","gists_url":"https://api.github.com/users/MohammedShamras/gists{/gist_id}","starred_url":"https://api.github.com/users/MohammedShamras/starred{/owner}{/repo}","subscriptions_url":"https://api.github.com/users/MohammedShamras/subscriptions","organizations_url":"https://api.github.com/users/MohammedShamras/orgs","repos_url":"https://api.github.com/users/MohammedShamras/repos","events_url":"https://api.github.com/users/MohammedShamras/events{/privacy}","received_events_url":"https://api.github.com/users/MohammedShamras/received_events","type":"User","site_admin":false,"name":null,"company":null,"blog":"","location":null,"email":null,"hireable":null,"bio":null,"twitter_username":null,"public_repos":8,"public_gists":0,"followers":0,"following":1,"created_at":"2021-10-31T10:04:37Z","updated_at":"2021-12-14T10:42:37Z","private_gists":0,"total_private_repos":0,"owned_private_repos":0,"disk_usage":5769,"collaborators":0,"two_factor_authentication":false,"plan":{"name":"free","space":976562499,"collaborators":0,"private_repos":10000}}
[info] 
[info] +  Success! Logged into GitHub as MohammedShamras 
[info] 
[debug] [2022-02-02T14:32:48.329Z] >>> [apiv2][query] GET https://api.github.com/repos/MohommedShamras.github.io/actions/secrets/public-key type=owner
[debug] [2022-02-02T14:32:49.201Z] <<< [apiv2][status] GET https://api.github.com/repos/MohommedShamras.github.io/actions/secrets/public-key 404
[debug] [2022-02-02T14:32:49.201Z] <<< [apiv2][body] GET https://api.github.com/repos/MohommedShamras.github.io/actions/secrets/public-key {"message":"Not Found","documentation_url":"https://docs.github.com/rest"}
[debug] [2022-02-02T14:32:54.620Z] >>> [apiv2][query] GET https://api.github.com/repos/MohommedShamras.github.io/actions/secrets/public-key type=owner
[debug] [2022-02-02T14:32:55.197Z] <<< [apiv2][status] GET https://api.github.com/repos/MohommedShamras.github.io/actions/secrets/public-key 404
[debug] [2022-02-02T14:32:55.197Z] <<< [apiv2][body] GET https://api.github.com/repos/MohommedShamras.github.io/actions/secrets/public-key {"message":"Not Found","documentation_url":"https://docs.github.com/rest"}
